This is pdfTeX, Version 3.1415926-2.5-1.40.14 (TeX Live 2013) (format=pdflatex 2014.5.8)  17 JAN 2015 16:41
entering extended mode
 restricted \write18 enabled.
 file:line:error style messages enabled.
 %&-line parsing enabled.
**thesis.tex
(./thesis.tex
LaTeX2e <2011/06/27>
Babel <3.9f> and hyphenation patterns for 78 languages loaded.
(./ddis-thesis.cls
Document Class: ddis-thesis 2006/06/06 v1.0e ddis LaTeX thesis class
(/usr/local/texlive/2013/texmf-dist/tex/latex/koma-script/scrbook.cls
Document Class: scrbook 2012/07/29 v3.11b KOMA-Script document class (book)
(/usr/local/texlive/2013/texmf-dist/tex/latex/koma-script/scrkbase.sty
Package: scrkbase 2012/07/29 v3.11b KOMA-Script package (KOMA-Script-dependent basics and keyval usage)
 (/usr/local/texlive/2013/texmf-dist/tex/latex/koma-script/scrbase.sty
Package: scrbase 2012/07/29 v3.11b KOMA-Script package (KOMA-Script-independent basics and keyval usage)
 (/usr/local/texlive/2013/texmf-dist/tex/latex/graphics/keyval.sty
Package: keyval 1999/03/16 v1.13 key=value parser (DPC)
\KV@toks@=\toks14
) (/usr/local/texlive/2013/texmf-dist/tex/latex/koma-script/scrlfile.sty
Package: scrlfile 2012/06/15 v3.12 KOMA-Script package (loading files)

Package scrlfile, 2012/06/15 v3.12 KOMA-Script package (loading files)
                  Copyright (C) Markus Kohm

))) (/usr/local/texlive/2013/texmf-dist/tex/latex/koma-script/tocbasic.sty
Package: tocbasic 2012/04/04 v3.10b KOMA-Script package (handling toc-files)
)
Package tocbasic Info: omitting babel extension for `toc'
(tocbasic)             because of feature `nobabel' available
(tocbasic)             for `toc' on input line 117.
Package tocbasic Info: omitting babel extension for `lof'
(tocbasic)             because of feature `nobabel' available
(tocbasic)             for `lof' on input line 118.
Package tocbasic Info: omitting babel extension for `lot'
(tocbasic)             because of feature `nobabel' available
(tocbasic)             for `lot' on input line 119.
Class scrbook Info: File `scrsize11pt.clo' used instead of
(scrbook)           file `scrsize11.clo' to setup font sizes on input line 1368.
 (/usr/local/texlive/2013/texmf-dist/tex/latex/koma-script/scrsize11pt.clo
File: scrsize11pt.clo 2012/07/29 v3.11b KOMA-Script font size class option (11pt)
) (/usr/local/texlive/2013/texmf-dist/tex/latex/koma-script/typearea.sty
Package: typearea 2012/07/29 v3.11b KOMA-Script package (type area)

Package typearea, 2012/07/29 v3.11b KOMA-Script package (type area)
                  Copyright (C) Frank Neukam, 1992-1994
                  Copyright (C) Markus Kohm, 1994-

\ta@bcor=\skip41
\ta@div=\count79
\ta@hblk=\skip42
\ta@vblk=\skip43
\ta@temp=\skip44
Package typearea Info: These are the values describing the layout:
(typearea)             DIV  = 10
(typearea)             BCOR = 0.0pt
(typearea)             \paperwidth      = 597.50793pt
(typearea)              \textwidth      = 418.25555pt
(typearea)              DIV departure   = -6%
(typearea)              \evensidemargin = 47.2316pt
(typearea)              \oddsidemargin  = -12.5192pt
(typearea)             \paperheight     = 845.04694pt
(typearea)              \textheight     = 595.80026pt
(typearea)              \topmargin      = -25.16531pt
(typearea)              \headheight     = 17.0pt
(typearea)              \headsep        = 20.40001pt
(typearea)              \topskip        = 11.0pt
(typearea)              \footskip       = 47.60002pt
(typearea)              \baselineskip   = 13.6pt
(typearea)              on input line 1213.
)
\c@part=\count80
\c@chapter=\count81
\c@section=\count82
\c@subsection=\count83
\c@subsubsection=\count84
\c@paragraph=\count85
\c@subparagraph=\count86
\abovecaptionskip=\skip45
\belowcaptionskip=\skip46
\c@pti@nb@sid@b@x=\box26
\c@figure=\count87
\c@table=\count88
\bibindent=\dimen102
) (/usr/local/texlive/2013/texmf-dist/tex/latex/listings/listings.sty
\lst@mode=\count89
\lst@gtempboxa=\box27
\lst@token=\toks15
\lst@length=\count90
\lst@currlwidth=\dimen103
\lst@column=\count91
\lst@pos=\count92
\lst@lostspace=\dimen104
\lst@width=\dimen105
\lst@newlines=\count93
\lst@lineno=\count94
\lst@maxwidth=\dimen106
 (/usr/local/texlive/2013/texmf-dist/tex/latex/listings/lstmisc.sty
File: lstmisc.sty 2007/02/22 1.4 (Carsten Heinz)
\c@lstnumber=\count95
\lst@skipnumbers=\count96
\lst@framebox=\box28
) (/usr/local/texlive/2013/texmf-dist/tex/latex/listings/listings.cfg
File: listings.cfg 2007/02/22 1.4 listings configuration
))
Package: listings 2007/02/22 1.4 (Carsten Heinz)
 (/usr/local/texlive/2013/texmf-dist/tex/latex/url/url.sty
\Urlmuskip=\muskip10
Package: url 2006/04/12  ver 3.3  Verb mode for urls, etc.
)) (/usr/local/texlive/2013/texmf-dist/tex/latex/amsmath/amsmath.sty
Package: amsmath 2013/01/14 v2.14 AMS math features
\@mathmargin=\skip47

For additional information on amsmath, use the `?' option.
(/usr/local/texlive/2013/texmf-dist/tex/latex/amsmath/amstext.sty
Package: amstext 2000/06/29 v2.01
 (/usr/local/texlive/2013/texmf-dist/tex/latex/amsmath/amsgen.sty
File: amsgen.sty 1999/11/30 v2.0
\@emptytoks=\toks16
\ex@=\dimen107
)) (/usr/local/texlive/2013/texmf-dist/tex/latex/amsmath/amsbsy.sty
Package: amsbsy 1999/11/29 v1.2d
\pmbraise@=\dimen108
) (/usr/local/texlive/2013/texmf-dist/tex/latex/amsmath/amsopn.sty
Package: amsopn 1999/12/14 v2.01 operator names
)
\inf@bad=\count97
LaTeX Info: Redefining \frac on input line 210.
\uproot@=\count98
\leftroot@=\count99
LaTeX Info: Redefining \overline on input line 306.
\classnum@=\count100
\DOTSCASE@=\count101
LaTeX Info: Redefining \ldots on input line 378.
LaTeX Info: Redefining \dots on input line 381.
LaTeX Info: Redefining \cdots on input line 466.
\Mathstrutbox@=\box29
\strutbox@=\box30
\big@size=\dimen109
LaTeX Font Info:    Redeclaring font encoding OML on input line 566.
LaTeX Font Info:    Redeclaring font encoding OMS on input line 567.
\macc@depth=\count102
\c@MaxMatrixCols=\count103
\dotsspace@=\muskip11
\c@parentequation=\count104
\dspbrk@lvl=\count105
\tag@help=\toks17
\row@=\count106
\column@=\count107
\maxfields@=\count108
\andhelp@=\toks18
\eqnshift@=\dimen110
\alignsep@=\dimen111
\tagshift@=\dimen112
\tagwidth@=\dimen113
\totwidth@=\dimen114
\lineht@=\dimen115
\@envbody=\toks19
\multlinegap=\skip48
\multlinetaggap=\skip49
\mathdisplay@stack=\toks20
LaTeX Info: Redefining \[ on input line 2665.
LaTeX Info: Redefining \] on input line 2666.
) (/usr/local/texlive/2013/texmf-dist/tex/latex/amscls/amsthm.sty
Package: amsthm 2004/08/06 v2.20
\thm@style=\toks21
\thm@bodyfont=\toks22
\thm@headfont=\toks23
\thm@notefont=\toks24
\thm@headpunct=\toks25
\thm@preskip=\skip50
\thm@postskip=\skip51
\thm@headsep=\skip52
\dth@everypar=\toks26
) (/usr/local/texlive/2013/texmf-dist/tex/latex/amsfonts/amssymb.sty
Package: amssymb 2013/01/14 v3.01 AMS font symbols
 (/usr/local/texlive/2013/texmf-dist/tex/latex/amsfonts/amsfonts.sty
Package: amsfonts 2013/01/14 v3.01 Basic AMSFonts support
\symAMSa=\mathgroup4
\symAMSb=\mathgroup5
LaTeX Font Info:    Overwriting math alphabet `\mathfrak' in version `bold'
(Font)                  U/euf/m/n --> U/euf/b/n on input line 106.
)) (/usr/local/texlive/2013/texmf-dist/tex/latex/base/inputenc.sty
Package: inputenc 2008/03/30 v1.1d Input encoding file
\inpenc@prehook=\toks27
\inpenc@posthook=\toks28
 (/usr/local/texlive/2013/texmf-dist/tex/latex/base/latin1.def
File: latin1.def 2008/03/30 v1.1d Input encoding file
)) (/usr/local/texlive/2013/texmf-dist/tex/latex/program/program.sty
\@gtempa=\dimen116
\@gtempa=\dimen117
\@gtempa=\dimen118
\@gtempa=\dimen119
\@gtempa=\dimen120
\@gtempa=\dimen121
\@gtempa=\dimen122
\@gtempa=\dimen123
\@gtempa=\dimen124
\@gtempa=\dimen125
\@gtempa=\dimen126
\@gtempa=\dimen127
\@gtempa=\dimen128
\@gtempa=\dimen129
\@gtempa=\dimen130
\@gtempa=\dimen131
\@gtempa=\dimen132
\@gtempa=\dimen133
\@gtempa=\dimen134
\@gtempa=\dimen135
\@gtempa=\dimen136
\@gtempa=\dimen137
\@gtempa=\dimen138
\@gtempa=\dimen139
\@gtempa=\dimen140
\@gtempa=\dimen141
\@gtempa=\dimen142
\@gtempa=\dimen143
\@gtempa=\dimen144
\@gtempa=\dimen145
\@gtempa=\dimen146
\@gtempa=\dimen147
\@gtempa=\dimen148
\@gtempa=\dimen149
\@gtempa=\dimen150
\@gtempa=\dimen151
\@gtempa=\dimen152
\@gtempa=\dimen153
\@gtempa=\dimen154
\@gtempa=\dimen155
\@gtempa=\dimen156
\@gtempa=\dimen157
\@gtempa=\dimen158
\@gtempa=\dimen159
\@gtempa=\dimen160
\@gtempa=\dimen161
\@gtempa=\dimen162
\@gtempa=\dimen163
\@gtempa=\dimen164
\@gtempa=\dimen165
\c@programline=\count109
\old@nxttabmar=\count110
\symeulerletters=\mathgroup6
\powersetbox=\box31
LaTeX Font Info:    Try loading font information for U+msa on input line 839.
 (/usr/local/texlive/2013/texmf-dist/tex/latex/amsfonts/umsa.fd
File: umsa.fd 2013/01/14 v3.01 AMS symbols A
)
LaTeX Font Info:    Try loading font information for U+msb on input line 839.
 (/usr/local/texlive/2013/texmf-dist/tex/latex/amsfonts/umsb.fd
File: umsb.fd 2013/01/14 v3.01 AMS symbols B
)
LaTeX Font Info:    Try loading font information for U+eur on input line 839.
 (/usr/local/texlive/2013/texmf-dist/tex/latex/amsfonts/ueur.fd
File: ueur.fd 2013/01/14 v3.01 Euler Roman
)) (/usr/local/texlive/2013/texmf-dist/tex/latex/jknapltx/mathrsfs.sty
Package: mathrsfs 1996/01/01 Math RSFS package v1.0 (jk)
\symrsfs=\mathgroup7
) (/usr/local/texlive/2013/texmf-dist/tex/latex/algorithms/algorithm.sty
Package: algorithm 2009/08/24 v0.1 Document Style `algorithm' - floating environment
 (/usr/local/texlive/2013/texmf-dist/tex/latex/float/float.sty
Package: float 2001/11/08 v1.3d Float enhancements (AL)
\c@float@type=\count111
\float@exts=\toks29
\float@box=\box32
\@float@everytoks=\toks30
\@floatcapt=\box33
) (/usr/local/texlive/2013/texmf-dist/tex/latex/base/ifthen.sty
Package: ifthen 2001/05/26 v1.1c Standard LaTeX ifthen package (DPC)
)
\@float@every@algorithm=\toks31
\c@algorithm=\count112
) (/usr/local/texlive/2013/texmf-dist/tex/latex/algorithmicx/algpseudocode.sty
Package: algpseudocode 
 (/usr/local/texlive/2013/texmf-dist/tex/latex/algorithmicx/algorithmicx.sty
Package: algorithmicx 2005/04/27 v1.2 Algorithmicx

Document Style algorithmicx 1.2 - a greatly improved `algorithmic' style
\c@ALG@line=\count113
\c@ALG@rem=\count114
\c@ALG@nested=\count115
\ALG@tlm=\skip53
\ALG@thistlm=\skip54
\c@ALG@Lnr=\count116
\c@ALG@blocknr=\count117
\c@ALG@storecount=\count118
\c@ALG@tmpcounter=\count119
\ALG@tmplength=\skip55
)
Document Style - pseudocode environments for use with the `algorithmicx' style
) (/usr/local/texlive/2013/texmf-dist/tex/latex/graphics/graphicx.sty
Package: graphicx 1999/02/16 v1.0f Enhanced LaTeX Graphics (DPC,SPQR)
 (/usr/local/texlive/2013/texmf-dist/tex/latex/graphics/graphics.sty
Package: graphics 2009/02/05 v1.0o Standard LaTeX Graphics (DPC,SPQR)
 (/usr/local/texlive/2013/texmf-dist/tex/latex/graphics/trig.sty
Package: trig 1999/03/16 v1.09 sin cos tan (DPC)
) (/usr/local/texlive/2013/texmf-dist/tex/latex/latexconfig/graphics.cfg
File: graphics.cfg 2010/04/23 v1.9 graphics configuration of TeX Live
)
Package graphics Info: Driver file: pdftex.def on input line 91.
 (/usr/local/texlive/2013/texmf-dist/tex/latex/pdftex-def/pdftex.def
File: pdftex.def 2011/05/27 v0.06d Graphics/color for pdfTeX
 (/usr/local/texlive/2013/texmf-dist/tex/generic/oberdiek/infwarerr.sty
Package: infwarerr 2010/04/08 v1.3 Providing info/warning/error messages (HO)
) (/usr/local/texlive/2013/texmf-dist/tex/generic/oberdiek/ltxcmds.sty
Package: ltxcmds 2011/11/09 v1.22 LaTeX kernel commands for general use (HO)
)
\Gread@gobject=\count120
))
\Gin@req@height=\dimen166
\Gin@req@width=\dimen167
) (/usr/local/texlive/2013/texmf-dist/tex/latex/booktabs/booktabs.sty
Package: booktabs 2005/04/14 v1.61803 publication quality tables
\heavyrulewidth=\dimen168
\lightrulewidth=\dimen169
\cmidrulewidth=\dimen170
\belowrulesep=\dimen171
\belowbottomsep=\dimen172
\aboverulesep=\dimen173
\abovetopsep=\dimen174
\cmidrulesep=\dimen175
\cmidrulekern=\dimen176
\defaultaddspace=\dimen177
\@cmidla=\count121
\@cmidlb=\count122
\@aboverulesep=\dimen178
\@belowrulesep=\dimen179
\@thisruleclass=\count123
\@lastruleclass=\count124
\@thisrulewidth=\dimen180
) (/usr/local/texlive/2013/texmf-dist/tex/latex/caption/subcaption.sty
Package: subcaption 2013/02/03 v1.1-62 Sub-captions (AR)
 (/usr/local/texlive/2013/texmf-dist/tex/latex/caption/caption.sty
Package: caption 2013/05/02 v3.3-89 Customizing captions (AR)
 (/usr/local/texlive/2013/texmf-dist/tex/latex/caption/caption3.sty
Package: caption3 2013/05/02 v1.6-88 caption3 kernel (AR)
Package caption3 Info: TeX engine: e-TeX on input line 57.
\captionmargin=\dimen181
\captionmargin@=\dimen182
\captionwidth=\dimen183
\caption@tempdima=\dimen184
\caption@indent=\dimen185
\caption@parindent=\dimen186
\caption@hangindent=\dimen187
)
Package caption Info: KOMA-Script document class.
\c@ContinuedFloat=\count125
Package caption Info: float package is loaded.
Package caption Info: listings package is loaded.
)
\c@subfigure=\count126
\c@subtable=\count127
) (/usr/local/texlive/2013/texmf-dist/tex/latex/fancyvrb/fancyvrb.sty
Package: fancyvrb 2008/02/07
 Style option: `fancyvrb' v2.7a, with DG/SPQR fixes, and firstline=lastline fix <2008/02/07> (tvz)
\FV@CodeLineNo=\count128
\FV@InFile=\read1
\FV@TabBox=\box34
\c@FancyVerbLine=\count129
\FV@StepNumber=\count130
\FV@OutFile=\write3
) (/usr/local/texlive/2013/texmf-dist/tex/latex/fancyhdr/fancyhdr.sty
\fancy@headwidth=\skip56
\f@ncyO@elh=\skip57
\f@ncyO@erh=\skip58
\f@ncyO@olh=\skip59
\f@ncyO@orh=\skip60
\f@ncyO@elf=\skip61
\f@ncyO@erf=\skip62
\f@ncyO@olf=\skip63
\f@ncyO@orf=\skip64
) (/Users/daniel/git/dyndco/documentation/report/.texpadtmp/thesis.aux

LaTeX Warning: Label `fig:test' multiply defined.

)
\openout1 = `thesis.aux'.

LaTeX Font Info:    Checking defaults for OML/cmm/m/it on input line 33.
LaTeX Font Info:    ... okay on input line 33.
LaTeX Font Info:    Checking defaults for T1/cmr/m/n on input line 33.
LaTeX Font Info:    ... okay on input line 33.
LaTeX Font Info:    Checking defaults for OT1/cmr/m/n on input line 33.
LaTeX Font Info:    ... okay on input line 33.
LaTeX Font Info:    Checking defaults for OMS/cmsy/m/n on input line 33.
LaTeX Font Info:    ... okay on input line 33.
LaTeX Font Info:    Checking defaults for OMX/cmex/m/n on input line 33.
LaTeX Font Info:    ... okay on input line 33.
LaTeX Font Info:    Checking defaults for U/cmr/m/n on input line 33.
LaTeX Font Info:    ... okay on input line 33.
\c@lstlisting=\count131
 (/usr/local/texlive/2013/texmf-dist/tex/context/base/supp-pdf.mkii
[Loading MPS to PDF converter (version 2006.09.02).]
\scratchcounter=\count132
\scratchdimen=\dimen188
\scratchbox=\box35
\nofMPsegments=\count133
\nofMParguments=\count134
\everyMPshowfont=\toks32
\MPscratchCnt=\count135
\MPscratchDim=\dimen189
\MPnumerator=\count136
\makeMPintoPDFobject=\count137
\everyMPtoPDFconversion=\toks33
) (/usr/local/texlive/2013/texmf-dist/tex/generic/oberdiek/pdftexcmds.sty
Package: pdftexcmds 2011/11/29 v0.20 Utility functions of pdfTeX for LuaTeX (HO)
 (/usr/local/texlive/2013/texmf-dist/tex/generic/oberdiek/ifluatex.sty
Package: ifluatex 2010/03/01 v1.3 Provides the ifluatex switch (HO)
Package ifluatex Info: LuaTeX not detected.
) (/usr/local/texlive/2013/texmf-dist/tex/generic/oberdiek/ifpdf.sty
Package: ifpdf 2011/01/30 v2.3 Provides the ifpdf switch (HO)
Package ifpdf Info: pdfTeX in PDF mode is detected.
)
Package pdftexcmds Info: LuaTeX not detected.
Package pdftexcmds Info: \pdf@primitive is available.
Package pdftexcmds Info: \pdf@ifprimitive is available.
Package pdftexcmds Info: \pdfdraftmode found.
) (/usr/local/texlive/2013/texmf-dist/tex/latex/oberdiek/epstopdf-base.sty
Package: epstopdf-base 2010/02/09 v2.5 Base part for package epstopdf
 (/usr/local/texlive/2013/texmf-dist/tex/latex/oberdiek/grfext.sty
Package: grfext 2010/08/19 v1.1 Manage graphics extensions (HO)
 (/usr/local/texlive/2013/texmf-dist/tex/generic/oberdiek/kvdefinekeys.sty
Package: kvdefinekeys 2011/04/07 v1.3 Define keys (HO)
)) (/usr/local/texlive/2013/texmf-dist/tex/latex/oberdiek/kvoptions.sty
Package: kvoptions 2011/06/30 v3.11 Key value format for package options (HO)
 (/usr/local/texlive/2013/texmf-dist/tex/generic/oberdiek/kvsetkeys.sty
Package: kvsetkeys 2012/04/25 v1.16 Key value parser (HO)
 (/usr/local/texlive/2013/texmf-dist/tex/generic/oberdiek/etexcmds.sty
Package: etexcmds 2011/02/16 v1.5 Avoid name clashes with e-TeX commands (HO)
Package etexcmds Info: Could not find \expanded.
(etexcmds)             That can mean that you are not using pdfTeX 1.50 or
(etexcmds)             that some package has redefined \expanded.
(etexcmds)             In the latter case, load this package earlier.
)))
Package grfext Info: Graphics extension search list:
(grfext)             [.png,.pdf,.jpg,.mps,.jpeg,.jbig2,.jb2,.PNG,.PDF,.JPG,.JPEG,.JBIG2,.JB2,.eps]
(grfext)             \AppendGraphicsExtensions on input line 452.
 (/usr/local/texlive/2013/texmf-dist/tex/latex/latexconfig/epstopdf-sys.cfg
File: epstopdf-sys.cfg 2010/07/13 v1.3 Configuration of (r)epstopdf for TeX Live
))
Package caption Info: Begin \AtBeginDocument code.
Package caption Info: End \AtBeginDocument code.
 (./section-title/title.tex
Underfull \hbox (badness 10000) in paragraph at lines 37--37

 []

<./section-title/figures/uzh_logo_e_pos.pdf, id=1, 154.5775pt x 49.18375pt>
File: ./section-title/figures/uzh_logo_e_pos.pdf Graphic file (type pdf)
 <use ./section-title/figures/uzh_logo_e_pos.pdf>
Package pdftex.def Info: ./section-title/figures/uzh_logo_e_pos.pdf used on input line 42.
(pdftex.def)             Requested size: 250.40234pt x 79.6678pt.

Overfull \hbox (47.93617pt too wide) in paragraph at lines 59--60
[][] 
 []

[1





{/usr/local/texlive/2013/texmf-var/fonts/map/pdftex/updmap/pdftex.map} <./section-title/figures/uzh_logo_e_pos.pdf>]) (./section-acknowledgements/acknowledgements.tex [2



]
LaTeX Font Info:    Try loading font information for OT1+pfr on input line 1.
LaTeX Font Info:    No file OT1pfr.fd. on input line 1.


LaTeX Font Warning: Font shape `OT1/pfr/m/n' undefined
(Font)              using `OT1/cmr/m/n' instead on input line 1.


LaTeX Font Warning: Font shape `OT1/cmr/m/n' in size <32> not available
(Font)              size <24.88> substituted on input line 1.


LaTeX Font Warning: Font shape `OT1/pfr/bx/n' undefined
(Font)              using `OT1/pfr/m/n' instead on input line 1.


LaTeX Font Warning: Font shape `OT1/pfr/m/n' in size <32> not available
(Font)              size <24.88> substituted on input line 1.

) (./section-abstract/zusammenfassung.tex [3] [4



]

LaTeX Font Warning: Font shape `OT1/pfr/bx/n' in size <32> not available
(Font)              size <24.88> substituted on input line 1.

LaTeX Font Info:    Try loading font information for U+rsfs on input line 2.
(/usr/local/texlive/2013/texmf-dist/tex/latex/jknapltx/ursfs.fd
File: ursfs.fd 1998/03/24 rsfs font definition file (jk)
)) (./section-abstract/abstract.tex [5] [6



]) [7] [8



] (/Users/daniel/git/dyndco/documentation/report/.texpadtmp/thesis.toc [9])
\tf@toc=\write4
\openout4 = `thesis.toc'.

 [10] (./section-introduction/introduction.tex
Chapter 1.

LaTeX Font Warning: Font shape `OT1/pfr/m/n' in size <72> not available
(Font)              size <24.88> substituted on input line 1.


LaTeX Font Warning: Font shape `OT1/pfr/bx/n' in size <72> not available
(Font)              size <24.88> substituted on input line 1.


Underfull \hbox (badness 10000) in paragraph at lines 4--9

 []


Underfull \hbox (badness 10000) in paragraph at lines 4--9

 []

[1





]) (./section-relatedwork/relatedwork.tex [2]
Chapter 2.
[3



]
Underfull \hbox (badness 10000) in paragraph at lines 21--25

 []

\c@hardconstraint1=\count138
[4] <graphics/overview_algos.png, id=66, 1028.84375pt x 396.48125pt>
File: graphics/overview_algos.png Graphic file (type png)
 <use graphics/overview_algos.png>
Package pdftex.def Info: graphics/overview_algos.png used on input line 53.
(pdftex.def)             Requested size: 401.50146pt x 154.72385pt.
 <graphics/pseudotree.png, id=67, 732.7375pt x 435.6275pt>
File: graphics/pseudotree.png Graphic file (type png)
 <use graphics/pseudotree.png>
Package pdftex.def Info: graphics/pseudotree.png used on input line 69.
(pdftex.def)             Requested size: 250.93842pt x 149.18822pt.
 [5 <./graphics/overview_algos.png>]
Underfull \hbox (badness 10000) in paragraph at lines 80--84

 []

[6 <./graphics/pseudotree.png>] <graphics/factorgraph.png, id=76, 575.14874pt x 568.1225pt>
File: graphics/factorgraph.png Graphic file (type png)
 <use graphics/factorgraph.png>
Package pdftex.def Info: graphics/factorgraph.png used on input line 91.
(pdftex.def)             Requested size: 170.63812pt x 168.54825pt.
 [7 <./graphics/factorgraph.png>]) (./section-design/design.tex [8]
Chapter 3.

Package amsthm Warning: Unknown theoremstyle `hardconstraint2' on input line 11.

\c@hardconstraint2=\count139
<graphics/variablemodell.png, id=83, 812.03375pt x 611.28375pt>
File: graphics/variablemodell.png Graphic file (type png)
 <use graphics/variablemodell.png>
Package pdftex.def Info: graphics/variablemodell.png used on input line 22.
(pdftex.def)             Requested size: 301.1261pt x 226.67513pt.

Underfull \hbox (badness 7186) in paragraph at lines 23--23
[][]|\OT1/pfr/bx/n/10.95 Dif-fer-ent paradigms of map-ping the meet-ing schedul-ing Prob-lem
 []


LaTeX Warning: `!h' float specifier changed to `!ht'.

[9



] [10 <./graphics/variablemodell.png>]
Underfull \vbox (badness 1946) has occurred while \output is active []

 [11]
Underfull \hbox (badness 10000) in paragraph at lines 68--74

 []


Underfull \hbox (badness 10000) in paragraph at lines 68--74

 []

[12] [13] <graphics/monitoring.png, id=102, 977.6525pt x 321.2pt>
File: graphics/monitoring.png Graphic file (type png)
 <use graphics/monitoring.png>
Package pdftex.def Info: graphics/monitoring.png used on input line 79.
(pdftex.def)             Requested size: 301.1261pt x 98.93382pt.
 <graphics/dpop_graph.png, id=103, 339.1872pt x 256.7994pt>
File: graphics/dpop_graph.png Graphic file (type png)
 <use graphics/dpop_graph.png>
Package pdftex.def Info: graphics/dpop_graph.png used on input line 91.
(pdftex.def)             Requested size: 200.75073pt x 151.9923pt.


LaTeX Warning: `h' float specifier changed to `ht'.

[14 <./graphics/monitoring.png>]
Underfull \vbox (badness 10000) has occurred while \output is active []

 [15 <./graphics/dpop_graph.png>] <graphics/mgm_graph.png, id=113, 413.3844pt x 230.7822pt>
File: graphics/mgm_graph.png Graphic file (type png)
 <use graphics/mgm_graph.png>
Package pdftex.def Info: graphics/mgm_graph.png used on input line 108.
(pdftex.def)             Requested size: 250.93842pt x 140.09377pt.
 [16 <./graphics/mgm_graph.png>] <graphics/maxsum_graph.png, id=118, 442.5333pt x 233.673pt>
File: graphics/maxsum_graph.png Graphic file (type png)
 <use graphics/maxsum_graph.png>
Package pdftex.def Info: graphics/maxsum_graph.png used on input line 126.
(pdftex.def)             Requested size: 250.93842pt x 132.50327pt.

Overfull \hbox (11.33667pt too wide) in paragraph at lines 135--136
\OT1/pfr/bx/n/10.95 The Max-Sum im-ple-men-ta-tion has two ver-tices. A \OT1/cmtt/m/n/10.95 VariableVertex \OT1/pfr/bx/n/10.95 and a \OT1/cmtt/m/n/10.95 FunctionVertex\OT1/pfr/bx/n/10.95 .
 []

[17 <./graphics/maxsum_graph.png>]) (./section-results/results.tex [18]
Chapter 4.

Overfull \hbox (3.63579pt too wide) in paragraph at lines 5--5
[]\OT1/pfr/bx/n/17.28 Results I: Al-go-rithms Per-for-mance in Static En-vi-ron-ments 
 []

<graphics/experiments/static/st_1.png, id=126, 1357.07pt x 798.985pt>
File: graphics/experiments/static/st_1.png Graphic file (type png)
 <use graphics/experiments/static/st_1.png>
Package pdftex.def Info: graphics/experiments/static/st_1.png used on input line 13.
(pdftex.def)             Requested size: 351.31378pt x 206.82903pt.

Underfull \vbox (badness 10000) has occurred while \output is active []

 [19



] <graphics/experiments/static/st_3.png, id=130, 1357.07pt x 798.985pt>
File: graphics/experiments/static/st_3.png Graphic file (type png)
 <use graphics/experiments/static/st_3.png>
Package pdftex.def Info: graphics/experiments/static/st_3.png used on input line 20.
(pdftex.def)             Requested size: 351.31378pt x 206.82903pt.
 [20 <./graphics/experiments/static/st_1.png> <./graphics/experiments/static/st_3.png>] <graphics/experiments/static/st_5.png, id=136, 1357.07pt x 798.985pt>
File: graphics/experiments/static/st_5.png Graphic file (type png)
 <use graphics/experiments/static/st_5.png>
Package pdftex.def Info: graphics/experiments/static/st_5.png used on input line 31.
(pdftex.def)             Requested size: 331.23871pt x 195.01544pt.
 <graphics/experiments/static/st_6.png, id=137, 1357.07pt x 798.985pt>
File: graphics/experiments/static/st_6.png Graphic file (type png)
 <use graphics/experiments/static/st_6.png>
Package pdftex.def Info: graphics/experiments/static/st_6.png used on input line 37.
(pdftex.def)             Requested size: 331.23871pt x 195.01544pt.
 <graphics/experiments/static/st_7.png, id=138, 1357.07pt x 798.985pt>
File: graphics/experiments/static/st_7.png Graphic file (type png)
 <use graphics/experiments/static/st_7.png>
Package pdftex.def Info: graphics/experiments/static/st_7.png used on input line 43.
(pdftex.def)             Requested size: 331.23871pt x 195.01544pt.
 [21 <./graphics/experiments/static/st_5.png> <./graphics/experiments/static/st_6.png>] <graphics/experiments/static/st_8.png, id=145, 1357.07pt x 798.985pt>
File: graphics/experiments/static/st_8.png Graphic file (type png)
 <use graphics/experiments/static/st_8.png>
Package pdftex.def Info: graphics/experiments/static/st_8.png used on input line 54.
(pdftex.def)             Requested size: 331.23871pt x 195.01544pt.
 <graphics/experiments/static/st_9.png, id=146, 1357.07pt x 798.985pt>
File: graphics/experiments/static/st_9.png Graphic file (type png)
 <use graphics/experiments/static/st_9.png>
Package pdftex.def Info: graphics/experiments/static/st_9.png used on input line 60.
(pdftex.def)             Requested size: 331.23871pt x 195.01544pt.
 <graphics/experiments/static/st_10.png, id=147, 1357.07pt x 798.985pt>
File: graphics/experiments/static/st_10.png Graphic file (type png)
 <use graphics/experiments/static/st_10.png>
Package pdftex.def Info: graphics/experiments/static/st_10.png used on input line 66.
(pdftex.def)             Requested size: 331.23871pt x 195.01544pt.
 [22 <./graphics/experiments/static/st_7.png> <./graphics/experiments/static/st_8.png>] <graphics/experiments/static/st_11.png, id=153, 1357.07pt x 798.985pt>
File: graphics/experiments/static/st_11.png Graphic file (type png)
 <use graphics/experiments/static/st_11.png>
Package pdftex.def Info: graphics/experiments/static/st_11.png used on input line 76.
(pdftex.def)             Requested size: 331.23871pt x 195.01544pt.
 <graphics/experiments/static/st_12.png, id=154, 1357.07pt x 798.985pt>
File: graphics/experiments/static/st_12.png Graphic file (type png)
 <use graphics/experiments/static/st_12.png>
Package pdftex.def Info: graphics/experiments/static/st_12.png used on input line 82.
(pdftex.def)             Requested size: 331.23871pt x 195.01544pt.
 [23 <./graphics/experiments/static/st_9.png> <./graphics/experiments/static/st_10.png>]

LaTeX Warning: Reference `st_12b' on page 24 undefined on input line 88.

<graphics/experiments/static/st_12b.png, id=160, 1357.07pt x 798.985pt>
File: graphics/experiments/static/st_12b.png Graphic file (type png)
 <use graphics/experiments/static/st_12b.png>
Package pdftex.def Info: graphics/experiments/static/st_12b.png used on input line 93.
(pdftex.def)             Requested size: 331.23871pt x 195.01544pt.
 [24 <./graphics/experiments/static/st_11.png> <./graphics/experiments/static/st_12.png>] <graphics/experiments/static/st_13.png, id=166, 1357.07pt x 798.985pt>
File: graphics/experiments/static/st_13.png Graphic file (type png)
 <use graphics/experiments/static/st_13.png>
Package pdftex.def Info: graphics/experiments/static/st_13.png used on input line 99.
(pdftex.def)             Requested size: 331.23871pt x 195.01544pt.
 [25 <./graphics/experiments/static/st_12b.png> <./graphics/experiments/static/st_13.png>] <graphics/experiments/static/st_14.png, id=172, 1357.07pt x 798.985pt>
File: graphics/experiments/static/st_14.png Graphic file (type png)
 <use graphics/experiments/static/st_14.png>
Package pdftex.def Info: graphics/experiments/static/st_14.png used on input line 111.
(pdftex.def)             Requested size: 230.86334pt x 135.911pt.
 <graphics/experiments/static/st_15.png, id=173, 1357.07pt x 798.985pt>
File: graphics/experiments/static/st_15.png Graphic file (type png)
 <use graphics/experiments/static/st_15.png>
Package pdftex.def Info: graphics/experiments/static/st_15.png used on input line 118.
(pdftex.def)             Requested size: 230.86334pt x 135.911pt.
 <graphics/experiments/static/st_16.png, id=174, 1357.07pt x 798.985pt>
File: graphics/experiments/static/st_16.png Graphic file (type png)
 <use graphics/experiments/static/st_16.png>
Package pdftex.def Info: graphics/experiments/static/st_16.png used on input line 125.
(pdftex.def)             Requested size: 230.86334pt x 135.911pt.
 [26 <./graphics/experiments/static/st_14.png> <./graphics/experiments/static/st_15.png> <./graphics/experiments/static/st_16.png>] <graphics/experiments/static/st_17.png, id=181, 1357.07pt x 798.985pt>
File: graphics/experiments/static/st_17.png Graphic file (type png)
 <use graphics/experiments/static/st_17.png>
Package pdftex.def Info: graphics/experiments/static/st_17.png used on input line 136.
(pdftex.def)             Requested size: 331.23871pt x 195.01544pt.
 <graphics/experiments/static/st_18.png, id=182, 1357.07pt x 798.985pt>
File: graphics/experiments/static/st_18.png Graphic file (type png)
 <use graphics/experiments/static/st_18.png>
Package pdftex.def Info: graphics/experiments/static/st_18.png used on input line 143.
(pdftex.def)             Requested size: 331.23871pt x 195.01544pt.
 [27 <./graphics/experiments/static/st_17.png> <./graphics/experiments/static/st_18.png>] <graphics/experiments/dynamic/d_1.png, id=189, 1357.07pt x 798.985pt>
File: graphics/experiments/dynamic/d_1.png Graphic file (type png)
 <use graphics/experiments/dynamic/d_1.png>
Package pdftex.def Info: graphics/experiments/dynamic/d_1.png used on input line 159.
(pdftex.def)             Requested size: 331.23871pt x 195.01544pt.
 <graphics/experiments/dynamic/d_2.png, id=190, 1357.07pt x 798.985pt>
File: graphics/experiments/dynamic/d_2.png Graphic file (type png)
 <use graphics/experiments/dynamic/d_2.png>
Package pdftex.def Info: graphics/experiments/dynamic/d_2.png used on input line 171.
(pdftex.def)             Requested size: 209.12778pt x 123.12209pt.
 <graphics/experiments/dynamic/d_3.png, id=191, 1357.07pt x 798.985pt>
File: graphics/experiments/dynamic/d_3.png Graphic file (type png)
 <use graphics/experiments/dynamic/d_3.png>
Package pdftex.def Info: graphics/experiments/dynamic/d_3.png used on input line 177.
(pdftex.def)             Requested size: 209.12778pt x 123.12209pt.

Underfull \vbox (badness 10000) has occurred while \output is active []

 [28 <./graphics/experiments/dynamic/d_1.png>] <graphics/experiments/dynamic/d_4.png, id=196, 1357.07pt x 798.985pt>
File: graphics/experiments/dynamic/d_4.png Graphic file (type png)
 <use graphics/experiments/dynamic/d_4.png>
Package pdftex.def Info: graphics/experiments/dynamic/d_4.png used on input line 189.
(pdftex.def)             Requested size: 209.12778pt x 123.12209pt.
 <graphics/experiments/dynamic/d_5.png, id=197, 1357.07pt x 798.985pt>
File: graphics/experiments/dynamic/d_5.png Graphic file (type png)
 <use graphics/experiments/dynamic/d_5.png>
Package pdftex.def Info: graphics/experiments/dynamic/d_5.png used on input line 195.
(pdftex.def)             Requested size: 209.12778pt x 123.12209pt.
) (./section-limitations/limitations.tex

Package Fancyhdr Warning: \headheight is too small (17.0pt): 
 Make it at least 25.16252pt.
 We now make it that large for the rest of the document.
 This may cause the page layout to be inconsistent, however.

[29 <./graphics/experiments/dynamic/d_2.png> <./graphics/experiments/dynamic/d_3.png> <./graphics/experiments/dynamic/d_4.png> <./graphics/experiments/dynamic/d_5.png>] [30



]
Chapter 5.

Underfull \hbox (badness 10000) in paragraph at lines 4--9

 []

) (./section-conclusions/conclusions.tex [31] [32



]
Chapter 6.

Underfull \hbox (badness 10000) in paragraph at lines 4--9

 []


Underfull \hbox (badness 10000) in paragraph at lines 4--9

 []

[33]) (/Users/daniel/git/dyndco/documentation/report/.texpadtmp/thesis.bbl [34] [35



]) (./section-appendix/appendix.tex [36]
Appendix A.
<graphics/dpop_ps.png, id=227, 545.03625pt x 1163.34625pt>
File: graphics/dpop_ps.png Graphic file (type png)
 <use graphics/dpop_ps.png>
Package pdftex.def Info: graphics/dpop_ps.png used on input line 6.
(pdftex.def)             Requested size: 200.75073pt x 428.47874pt.
 <graphics/mgm_ps.png, id=228, 739.76375pt x 318.18875pt>
File: graphics/mgm_ps.png Graphic file (type png)
 <use graphics/mgm_ps.png>
Package pdftex.def Info: graphics/mgm_ps.png used on input line 12.
(pdftex.def)             Requested size: 301.1261pt x 129.52118pt.

Underfull \vbox (badness 10000) has occurred while \output is active []

 [37



] <graphics/maxsum_ps.png, id=232, 497.86pt x 281.05pt>
File: graphics/maxsum_ps.png Graphic file (type png)
 <use graphics/maxsum_ps.png>
Package pdftex.def Info: graphics/maxsum_ps.png used on input line 18.
(pdftex.def)             Requested size: 301.1261pt x 169.99503pt.

Underfull \vbox (badness 10000) has occurred while \output is active []

 [38 <./graphics/dpop_ps.png>] <graphics/experiments/static/st_2.png, id=236, 1357.07pt x 798.985pt>
File: graphics/experiments/static/st_2.png Graphic file (type png)
 <use graphics/experiments/static/st_2.png>
Package pdftex.def Info: graphics/experiments/static/st_2.png used on input line 28.
(pdftex.def)             Requested size: 431.61407pt x 254.10771pt.

Overfull \hbox (13.35852pt too wide) in paragraph at lines 28--29
 [][] 
 []


Underfull \vbox (badness 10000) has occurred while \output is active []

 [39 <./graphics/mgm_ps.png> <./graphics/maxsum_ps.png>] <graphics/experiments/static/st_4.png, id=242, 1357.07pt x 798.985pt>
File: graphics/experiments/static/st_4.png Graphic file (type png)
 <use graphics/experiments/static/st_4.png>
Package pdftex.def Info: graphics/experiments/static/st_4.png used on input line 35.
(pdftex.def)             Requested size: 431.61407pt x 254.10771pt.

Overfull \hbox (13.35852pt too wide) in paragraph at lines 35--36
 [][] 
 []


Underfull \vbox (badness 10000) has occurred while \output is active []

 [40 <./graphics/experiments/static/st_2.png>] <graphics/experiments/dynamic/d_6.png, id=247, 1357.07pt x 798.985pt>
File: graphics/experiments/dynamic/d_6.png Graphic file (type png)
 <use graphics/experiments/dynamic/d_6.png>
Package pdftex.def Info: graphics/experiments/dynamic/d_6.png used on input line 44.
(pdftex.def)             Requested size: 431.61407pt x 254.10771pt.

Overfull \hbox (13.35852pt too wide) in paragraph at lines 44--45
 [][] 
 []

)
Underfull \vbox (badness 10000) has occurred while \output is active []

 [41 <./graphics/experiments/static/st_4.png>] [42 <./graphics/experiments/dynamic/d_6.png>] (/Users/daniel/git/dyndco/documentation/report/.texpadtmp/thesis.lof
Overfull \hbox (99.01096pt too wide) in paragraph at lines 7--7
 [][] []\OT1/pfr/bx/n/10.95 Different paradigms of map-ping the meet-ing schedul-ing Prob-lem [[]]. []  
 []

[43






])
\tf@lof=\write5
\openout5 = `thesis.lof'.

 [44] (/Users/daniel/git/dyndco/documentation/report/.texpadtmp/thesis.lot)
\tf@lot=\write6
\openout6 = `thesis.lot'.

 [45




] (/Users/daniel/git/dyndco/documentation/report/.texpadtmp/thesis.aux)

LaTeX Font Warning: Size substitutions with differences
(Font)              up to 47.12pt have occurred.


LaTeX Font Warning: Some font shapes were not available, defaults substituted.


LaTeX Warning: There were undefined references.


LaTeX Warning: There were multiply-defined labels.

 ) 
Here is how much of TeX's memory you used:
 8161 strings out of 493315
 125521 string characters out of 6137905
 214588 words of memory out of 5000000
 11380 multiletter control sequences out of 15000+600000
 19078 words of font info for 75 fonts, out of 8000000 for 9000
 957 hyphenation exceptions out of 8191
 48i,11n,52p,1900b,479s stack positions out of 5000i,500n,10000p,200000b,80000s
</usr/local/texlive/2013/texmf-dist/fonts/type1/public/amsfonts/cm/cmbx10.pfb></usr/local/texlive/2013/texmf-dist/fonts/type1/public/amsfonts/cm/cmex10.pfb></usr/local/texlive/2013/texmf-dist/fonts/type1/public/amsfonts/cm/cmmi10.pfb></usr/local/texlive/2013/texmf-dist/fonts/type1/public/amsfonts/cm/cmmi6.pfb></usr/local/texlive/2013/texmf-dist/fonts/type1/public/amsfonts/cm/cmmi8.pfb></usr/local/texlive/2013/texmf-dist/fonts/type1/public/amsfonts/cm/cmr10.pfb></usr/local/texlive/2013/texmf-dist/fonts/type1/public/amsfonts/cm/cmr12.pfb></usr/local/texlive/2013/texmf-dist/fonts/type1/public/amsfonts/cm/cmr17.pfb></usr/local/texlive/2013/texmf-dist/fonts/type1/public/amsfonts/cm/cmr6.pfb></usr/local/texlive/2013/texmf-dist/fonts/type1/public/amsfonts/cm/cmr8.pfb></usr/local/texlive/2013/texmf-dist/fonts/type1/public/amsfonts/cm/cmr9.pfb></usr/local/texlive/2013/texmf-dist/fonts/type1/public/amsfonts/cm/cmss10.pfb></usr/local/texlive/2013/texmf-dist/fonts/type1/public/amsfonts/cm/cmssbx10.pfb></usr/local/texlive/2013/texmf-dist/fonts/type1/public/amsfonts/cm/cmsy10.pfb></usr/local/texlive/2013/texmf-dist/fonts/type1/public/amsfonts/cm/cmsy6.pfb></usr/local/texlive/2013/texmf-dist/fonts/type1/public/amsfonts/cm/cmsy8.pfb></usr/local/texlive/2013/texmf-dist/fonts/type1/public/amsfonts/cm/cmti10.pfb></usr/local/texlive/2013/texmf-dist/fonts/type1/public/amsfonts/cm/cmtt10.pfb>
Output written on /Users/daniel/git/dyndco/documentation/report/.texpadtmp/thesis.pdf (55 pages, 2502414 bytes).
PDF statistics:
 325 PDF objects out of 1000 (max. 8388607)
 182 compressed objects within 2 object streams
 0 named destinations out of 1000 (max. 500000)
 186 words of extra memory for PDF output out of 10000 (max. 10000000)

