2014-09-18 17:06:54,101 - [INFO] - from play in pool-6-thread-1 
Listening for HTTP on /0:0:0:0:0:0:0:0:9000

2014-09-18 17:07:05,841 - [ERROR] - from application in New I/O worker #1 


! @6jhjj2j5l - Internal server error, for (GET) [/] ->

play.api.PlayException: Cannot load plugin[Plugin [actors.Actors] cannot be instantiated.]
	at play.api.WithDefaultPlugins$$anonfun$plugins$1$$anonfun$apply$9.apply(Application.scala:161) ~[play_2.11-2.3.3.jar:2.3.3]
	at play.api.WithDefaultPlugins$$anonfun$plugins$1$$anonfun$apply$9.apply(Application.scala:130) ~[play_2.11-2.3.3.jar:2.3.3]
	at scala.collection.TraversableLike$$anonfun$map$1.apply(TraversableLike.scala:245) ~[scala-library-2.11.1.jar:na]
	at scala.collection.TraversableLike$$anonfun$map$1.apply(TraversableLike.scala:245) ~[scala-library-2.11.1.jar:na]
	at scala.collection.immutable.List.foreach(List.scala:383) ~[scala-library-2.11.1.jar:na]
	at scala.collection.TraversableLike$class.map(TraversableLike.scala:245) ~[scala-library-2.11.1.jar:na]
	at scala.collection.immutable.List.map(List.scala:286) ~[scala-library-2.11.1.jar:na]
	at play.api.WithDefaultPlugins$$anonfun$plugins$1.apply(Application.scala:130) ~[play_2.11-2.3.3.jar:2.3.3]
	at play.api.WithDefaultPlugins$$anonfun$plugins$1.apply(Application.scala:166) ~[play_2.11-2.3.3.jar:2.3.3]
	at play.utils.Threads$.withContextClassLoader(Threads.scala:21) ~[play_2.11-2.3.3.jar:2.3.3]
	at play.api.WithDefaultPlugins$class.plugins(Application.scala:128) ~[play_2.11-2.3.3.jar:2.3.3]
	at play.api.DefaultApplication.plugins$lzycompute(Application.scala:402) ~[play_2.11-2.3.3.jar:2.3.3]
	at play.api.DefaultApplication.plugins(Application.scala:402) ~[play_2.11-2.3.3.jar:2.3.3]
	at play.api.Play$$anonfun$start$1.apply$mcV$sp(Play.scala:91) ~[play_2.11-2.3.3.jar:2.3.3]
	at play.api.Play$$anonfun$start$1.apply(Play.scala:91) ~[play_2.11-2.3.3.jar:2.3.3]
	at play.api.Play$$anonfun$start$1.apply(Play.scala:91) ~[play_2.11-2.3.3.jar:2.3.3]
	at play.utils.Threads$.withContextClassLoader(Threads.scala:21) ~[play_2.11-2.3.3.jar:2.3.3]
	at play.api.Play$.start(Play.scala:90) ~[play_2.11-2.3.3.jar:2.3.3]
	at play.core.ReloadableApplication$$anonfun$get$1$$anonfun$apply$1$$anonfun$1.apply(ApplicationProvider.scala:157) ~[play_2.11-2.3.3.jar:2.3.3]
	at play.core.ReloadableApplication$$anonfun$get$1$$anonfun$apply$1$$anonfun$1.apply(ApplicationProvider.scala:130) ~[play_2.11-2.3.3.jar:2.3.3]
	at scala.Option.map(Option.scala:145) ~[scala-library-2.11.1.jar:na]
	at play.core.ReloadableApplication$$anonfun$get$1$$anonfun$apply$1.apply(ApplicationProvider.scala:130) ~[play_2.11-2.3.3.jar:2.3.3]
	at play.core.ReloadableApplication$$anonfun$get$1$$anonfun$apply$1.apply(ApplicationProvider.scala:128) ~[play_2.11-2.3.3.jar:2.3.3]
	at scala.util.Success.flatMap(Try.scala:230) ~[scala-library-2.11.1.jar:na]
	at play.core.ReloadableApplication$$anonfun$get$1.apply(ApplicationProvider.scala:128) ~[play_2.11-2.3.3.jar:2.3.3]
	at play.core.ReloadableApplication$$anonfun$get$1.apply(ApplicationProvider.scala:120) ~[play_2.11-2.3.3.jar:2.3.3]
	at scala.concurrent.impl.Future$PromiseCompletingRunnable.liftedTree1$1(Future.scala:24) ~[scala-library-2.11.1.jar:na]
	at scala.concurrent.impl.Future$PromiseCompletingRunnable.run(Future.scala:24) ~[scala-library-2.11.1.jar:na]
	at scala.concurrent.forkjoin.ForkJoinTask$AdaptedRunnableAction.exec(ForkJoinTask.java:1361) ~[scala-library-2.11.1.jar:na]
	at scala.concurrent.forkjoin.ForkJoinTask.doExec(ForkJoinTask.java:260) ~[scala-library-2.11.1.jar:na]
	at scala.concurrent.forkjoin.ForkJoinPool$WorkQueue.runTask(ForkJoinPool.java:1339) ~[scala-library-2.11.1.jar:na]
	at scala.concurrent.forkjoin.ForkJoinPool.runWorker(ForkJoinPool.java:1979) ~[scala-library-2.11.1.jar:na]
	at scala.concurrent.forkjoin.ForkJoinWorkerThread.run(ForkJoinWorkerThread.java:107) ~[scala-library-2.11.1.jar:na]
Caused by: java.lang.ClassNotFoundException: actors.Actors
	at java.net.URLClassLoader$1.run(URLClassLoader.java:372) ~[na:1.8.0_11]
	at java.net.URLClassLoader$1.run(URLClassLoader.java:361) ~[na:1.8.0_11]
	at java.security.AccessController.doPrivileged(Native Method) ~[na:1.8.0_11]
	at java.net.URLClassLoader.findClass(URLClassLoader.java:360) ~[na:1.8.0_11]
	at java.lang.ClassLoader.loadClass(ClassLoader.java:424) ~[na:1.8.0_11]
	at java.lang.ClassLoader.loadClass(ClassLoader.java:357) ~[na:1.8.0_11]
	at play.api.WithDefaultPlugins$$anonfun$plugins$1$$anonfun$apply$9.apply(Application.scala:132) ~[play_2.11-2.3.3.jar:2.3.3]
	... 32 common frames omitted

2014-09-18 17:07:06,307 - [INFO] - from akka.event.slf4j.Slf4jLogger in play-akka.actor.default-dispatcher-3 
Slf4jLogger started

